<html>
<body>
<pre>
<h1>µVision Build Log</h1>
<h2>Project:</h2>
E:\ASU - Engineering\Junior\Semester 6\CSE211s - Introduction to Embedded Systems\Project\Source Code\Microwave_Oven_Controller.uvproj
Project File Date:  05/23/2022

<h2>Output:</h2>
Build target 'Target 1'
compiling Microwave_Functions.c...
linking...
Program Size: Code=3220 RO-data=652 RW-data=24 ZI-data=512  
".\Microwave_Oven_Controller.axf" - 0 Error(s), 0 Warning(s).
</pre>
</body>
</html>
 Microwave_Functions.c...
Microwave_Functions\Microwave_Functions.c(145): error:  #268: declaration may not appear after executable statement in block
        int time;
Microwave_Functions\Microwave_Functions.c(147): error:  #268: declaration may not appear after executable statement in block
        unsigned char mins[2]   =       {0};
Microwave_Functions\Microwave_Functions.c(148): error:  #268: declaration may not appear after executable statement in block
        unsigned char secs[2]   =       {0};
Microwave_Functions\Microwave_Functions.c(171): error:  #268: declaration may not appear after executable statement in block
        int time;
Microwave_Functions\Microwave_Functions.c(173): error:  #268: declaration may not appear after executable statement in block
        unsigned char mins[2]   =       {0};
Microwave_Functions\Microwave_Functions.c(174): error:  #268: declaration may not appear after executable statement in block
        unsigned char secs[2]   =       {0}; 
Microwave_Functions\Microwave_Functions.c: 0 warnings, 6 errors
compiling CONDITION_FUNCTIONS.c...
CONDITIONS_FUNCTIONS\CONDITION_FUNCTIONS.c(137): warning:  #1-D: last line of file ends without a newline
  }
CONDITIONS_FUNCTIONS\CONDITION_FUNCTIONS.c: 1 warning, 0 errors
".\Microwave_Oven_Controller.axf" - 6 Error(s), 2 Warning(s).
Target not created
